<?xml version="1.0" encoding="UTF-8"?>
<robot generator="Robot 6.0.2 (Python 3.11.1 on win32)" generated="20230123 21:24:52.626" rpa="false" schemaversion="3">
<suite id="s1" name="RobotFrameworkWeb AutomationPractice.com.br" source="C:\RobotFrameworkWeb_AutomationPractice.com.br">
<suite id="s1-s1" name="Features" source="C:\RobotFrameworkWeb_AutomationPractice.com.br\Features">
<suite id="s1-s1-s1" name="Cadastro" source="C:\RobotFrameworkWeb_AutomationPractice.com.br\Features\Cadastro.robot">
<test id="s1-s1-s1-t1" name="CN0001-Cadastro de usuário com sucesso" line="9">
<kw name="Abrir o navegador" library="base" type="SETUP">
<kw name="Open Browser" library="SeleniumLibrary">
<arg>${browser}</arg>
<doc>Opens a new browser instance to the optional ``url``.</doc>
<msg timestamp="20230123 21:24:53.072" level="INFO">Opening browser 'firefox' to base url 'googlechrome'.</msg>
<msg timestamp="20230123 21:24:53.086" level="INFO">Firefox driver log is always forced to to: C:\RobotFrameworkWeb_AutomationPractice.com.br\results\geckodriver-53.log</msg>
<msg timestamp="20230123 21:24:53.122" level="INFO">Cannot capture screenshot because no browser is open.</msg>
<msg timestamp="20230123 21:24:53.123" level="FAIL">OSError: [WinError 216] Esta versão de %1 não é compatível com a versão do Windows sendo executada. Verifique as informações de sistema do computador e contate o fornecedor do software</msg>
<status status="FAIL" starttime="20230123 21:24:53.069" endtime="20230123 21:24:53.132"/>
</kw>
<kw name="Maximize Browser Window" library="SeleniumLibrary">
<doc>Maximizes current browser window.</doc>
<status status="NOT RUN" starttime="20230123 21:24:53.133" endtime="20230123 21:24:53.134"/>
</kw>
<status status="FAIL" starttime="20230123 21:24:53.068" endtime="20230123 21:24:53.134"/>
</kw>
<kw name="Fechar o navegador" library="base" type="TEARDOWN">
<kw name="Capture Page Screenshot" library="SeleniumLibrary">
<doc>Takes a screenshot of the current page and embeds it into a log file.</doc>
<msg timestamp="20230123 21:24:53.137" level="INFO">Cannot capture screenshot because no browser is open.</msg>
<status status="PASS" starttime="20230123 21:24:53.136" endtime="20230123 21:24:53.138"/>
</kw>
<kw name="Close Browser" library="SeleniumLibrary">
<doc>Closes the current browser.</doc>
<status status="PASS" starttime="20230123 21:24:53.139" endtime="20230123 21:24:53.141"/>
</kw>
<status status="PASS" starttime="20230123 21:24:53.135" endtime="20230123 21:24:53.141"/>
</kw>
<tag>cadastro_sucesso</tag>
<status status="FAIL" starttime="20230123 21:24:53.066" endtime="20230123 21:24:53.142">Setup failed:
OSError: [WinError 216] Esta versão de %1 não é compatível com a versão do Windows sendo executada. Verifique as informações de sistema do computador e contate o fornecedor do software</status>
</test>
<doc>Testes automatizados Web utilizando o Robot Framework</doc>
<status status="FAIL" starttime="20230123 21:24:52.696" endtime="20230123 21:24:53.146"/>
</suite>
<status status="FAIL" starttime="20230123 21:24:52.687" endtime="20230123 21:24:53.151"/>
</suite>
<status status="FAIL" starttime="20230123 21:24:52.637" endtime="20230123 21:24:53.156"/>
</suite>
<statistics>
<total>
<stat pass="0" fail="1" skip="0">All Tests</stat>
</total>
<tag>
<stat pass="0" fail="1" skip="0">cadastro_sucesso</stat>
</tag>
<suite>
<stat pass="0" fail="1" skip="0" id="s1" name="RobotFrameworkWeb AutomationPractice.com.br">RobotFrameworkWeb AutomationPractice.com.br</stat>
<stat pass="0" fail="1" skip="0" id="s1-s1" name="Features">RobotFrameworkWeb AutomationPractice.com.br.Features</stat>
<stat pass="0" fail="1" skip="0" id="s1-s1-s1" name="Cadastro">RobotFrameworkWeb AutomationPractice.com.br.Features.Cadastro</stat>
</suite>
</statistics>
<errors>
<msg timestamp="20230123 21:24:53.061" level="ERROR">Error in file 'C:\RobotFrameworkWeb_AutomationPractice.com.br\Resources\Pages\HomePages.robot' on line 3: Resource file '..\Maps\HomeMaps.robot' does not exist.</msg>
</errors>
</robot>
