<?xml version="1.0" encoding="UTF-8"?>
<robot generator="Robot 6.0.2 (Python 3.11.1 on darwin)" generated="20230123 20:57:02.833" rpa="false" schemaversion="3">
<suite id="s1" name="Cadastro" source="/Users/cleberaguiar/RobotFrameworkWeb_AutomationPractice.com.br/Features/Cadastro.robot">
<test id="s1-t1" name="CN0001-Cadastro de usuário com sucesso" line="8">
<kw name="Abrir o navegador" library="base" type="SETUP">
<kw name="Open Browser ${url}">
<arg>chromedriver</arg>
<msg timestamp="20230123 20:57:03.037" level="FAIL">No keyword with name 'Open Browser ${url}' found. Did you try using keyword 'SeleniumLibrary.Open Browser' and forgot to use enough whitespace between keyword and arguments?</msg>
<status status="FAIL" starttime="20230123 20:57:03.037" endtime="20230123 20:57:03.037"/>
</kw>
<kw name="Maximize Browser Window" library="SeleniumLibrary">
<doc>Maximizes current browser window.</doc>
<status status="NOT RUN" starttime="20230123 20:57:03.037" endtime="20230123 20:57:03.037"/>
</kw>
<status status="FAIL" starttime="20230123 20:57:03.034" endtime="20230123 20:57:03.037"/>
</kw>
<kw name="Fechar o navegador" library="base" type="TEARDOWN">
<kw name="Capture Page Screenshot" library="SeleniumLibrary">
<doc>Takes a screenshot of the current page and embeds it into a log file.</doc>
<msg timestamp="20230123 20:57:03.038" level="INFO">Cannot capture screenshot because no browser is open.</msg>
<status status="PASS" starttime="20230123 20:57:03.038" endtime="20230123 20:57:03.038"/>
</kw>
<kw name="Close Browser" library="SeleniumLibrary">
<doc>Closes the current browser.</doc>
<status status="PASS" starttime="20230123 20:57:03.038" endtime="20230123 20:57:03.038"/>
</kw>
<status status="PASS" starttime="20230123 20:57:03.038" endtime="20230123 20:57:03.038"/>
</kw>
<tag>cadastro_sucesso</tag>
<status status="FAIL" starttime="20230123 20:57:03.034" endtime="20230123 20:57:03.038">Setup failed:
No keyword with name 'Open Browser ${url}' found. Did you try using keyword 'SeleniumLibrary.Open Browser' and forgot to use enough whitespace between keyword and arguments?</status>
</test>
<test id="s1-t2" name="CN0002-Tentativa de cadastro sem Nome" line="18">
<kw name="Abrir o navegador" library="base" type="SETUP">
<kw name="Open Browser ${url}">
<arg>chromedriver</arg>
<msg timestamp="20230123 20:57:03.042" level="FAIL">No keyword with name 'Open Browser ${url}' found. Did you try using keyword 'SeleniumLibrary.Open Browser' and forgot to use enough whitespace between keyword and arguments?</msg>
<status status="FAIL" starttime="20230123 20:57:03.042" endtime="20230123 20:57:03.042"/>
</kw>
<kw name="Maximize Browser Window" library="SeleniumLibrary">
<doc>Maximizes current browser window.</doc>
<status status="NOT RUN" starttime="20230123 20:57:03.042" endtime="20230123 20:57:03.042"/>
</kw>
<status status="FAIL" starttime="20230123 20:57:03.039" endtime="20230123 20:57:03.042"/>
</kw>
<kw name="Fechar o navegador" library="base" type="TEARDOWN">
<kw name="Capture Page Screenshot" library="SeleniumLibrary">
<doc>Takes a screenshot of the current page and embeds it into a log file.</doc>
<msg timestamp="20230123 20:57:03.043" level="INFO">Cannot capture screenshot because no browser is open.</msg>
<status status="PASS" starttime="20230123 20:57:03.043" endtime="20230123 20:57:03.043"/>
</kw>
<kw name="Close Browser" library="SeleniumLibrary">
<doc>Closes the current browser.</doc>
<status status="PASS" starttime="20230123 20:57:03.043" endtime="20230123 20:57:03.044"/>
</kw>
<status status="PASS" starttime="20230123 20:57:03.043" endtime="20230123 20:57:03.044"/>
</kw>
<tag>cadastro_semnome</tag>
<status status="FAIL" starttime="20230123 20:57:03.039" endtime="20230123 20:57:03.044">Setup failed:
No keyword with name 'Open Browser ${url}' found. Did you try using keyword 'SeleniumLibrary.Open Browser' and forgot to use enough whitespace between keyword and arguments?</status>
</test>
<test id="s1-t3" name="CN0003-Tentativa de cadastro sem E-mail" line="26">
<kw name="Abrir o navegador" library="base" type="SETUP">
<kw name="Open Browser ${url}">
<arg>chromedriver</arg>
<msg timestamp="20230123 20:57:03.048" level="FAIL">No keyword with name 'Open Browser ${url}' found. Did you try using keyword 'SeleniumLibrary.Open Browser' and forgot to use enough whitespace between keyword and arguments?</msg>
<status status="FAIL" starttime="20230123 20:57:03.048" endtime="20230123 20:57:03.048"/>
</kw>
<kw name="Maximize Browser Window" library="SeleniumLibrary">
<doc>Maximizes current browser window.</doc>
<status status="NOT RUN" starttime="20230123 20:57:03.048" endtime="20230123 20:57:03.048"/>
</kw>
<status status="FAIL" starttime="20230123 20:57:03.045" endtime="20230123 20:57:03.048"/>
</kw>
<kw name="Fechar o navegador" library="base" type="TEARDOWN">
<kw name="Capture Page Screenshot" library="SeleniumLibrary">
<doc>Takes a screenshot of the current page and embeds it into a log file.</doc>
<msg timestamp="20230123 20:57:03.048" level="INFO">Cannot capture screenshot because no browser is open.</msg>
<status status="PASS" starttime="20230123 20:57:03.048" endtime="20230123 20:57:03.048"/>
</kw>
<kw name="Close Browser" library="SeleniumLibrary">
<doc>Closes the current browser.</doc>
<status status="PASS" starttime="20230123 20:57:03.048" endtime="20230123 20:57:03.049"/>
</kw>
<status status="PASS" starttime="20230123 20:57:03.048" endtime="20230123 20:57:03.049"/>
</kw>
<tag>cadastro_sememail</tag>
<status status="FAIL" starttime="20230123 20:57:03.044" endtime="20230123 20:57:03.049">Setup failed:
No keyword with name 'Open Browser ${url}' found. Did you try using keyword 'SeleniumLibrary.Open Browser' and forgot to use enough whitespace between keyword and arguments?</status>
</test>
<test id="s1-t4" name="CN0004-Tentativa de cadastro sem Senha" line="34">
<kw name="Abrir o navegador" library="base" type="SETUP">
<kw name="Open Browser ${url}">
<arg>chromedriver</arg>
<msg timestamp="20230123 20:57:03.052" level="FAIL">No keyword with name 'Open Browser ${url}' found. Did you try using keyword 'SeleniumLibrary.Open Browser' and forgot to use enough whitespace between keyword and arguments?</msg>
<status status="FAIL" starttime="20230123 20:57:03.052" endtime="20230123 20:57:03.052"/>
</kw>
<kw name="Maximize Browser Window" library="SeleniumLibrary">
<doc>Maximizes current browser window.</doc>
<status status="NOT RUN" starttime="20230123 20:57:03.052" endtime="20230123 20:57:03.052"/>
</kw>
<status status="FAIL" starttime="20230123 20:57:03.049" endtime="20230123 20:57:03.053"/>
</kw>
<kw name="Fechar o navegador" library="base" type="TEARDOWN">
<kw name="Capture Page Screenshot" library="SeleniumLibrary">
<doc>Takes a screenshot of the current page and embeds it into a log file.</doc>
<msg timestamp="20230123 20:57:03.053" level="INFO">Cannot capture screenshot because no browser is open.</msg>
<status status="PASS" starttime="20230123 20:57:03.053" endtime="20230123 20:57:03.053"/>
</kw>
<kw name="Close Browser" library="SeleniumLibrary">
<doc>Closes the current browser.</doc>
<status status="PASS" starttime="20230123 20:57:03.053" endtime="20230123 20:57:03.053"/>
</kw>
<status status="PASS" starttime="20230123 20:57:03.053" endtime="20230123 20:57:03.053"/>
</kw>
<tag>cadastro_semsenha</tag>
<status status="FAIL" starttime="20230123 20:57:03.049" endtime="20230123 20:57:03.053">Setup failed:
No keyword with name 'Open Browser ${url}' found. Did you try using keyword 'SeleniumLibrary.Open Browser' and forgot to use enough whitespace between keyword and arguments?</status>
</test>
<doc>Testes automatizados Web utilizando o Robot Framework</doc>
<status status="FAIL" starttime="20230123 20:57:02.835" endtime="20230123 20:57:03.054"/>
</suite>
<statistics>
<total>
<stat pass="0" fail="4" skip="0">All Tests</stat>
</total>
<tag>
<stat pass="0" fail="1" skip="0">cadastro_sememail</stat>
<stat pass="0" fail="1" skip="0">cadastro_semnome</stat>
<stat pass="0" fail="1" skip="0">cadastro_semsenha</stat>
<stat pass="0" fail="1" skip="0">cadastro_sucesso</stat>
</tag>
<suite>
<stat pass="0" fail="4" skip="0" id="s1" name="Cadastro">Cadastro</stat>
</suite>
</statistics>
<errors>
</errors>
</robot>
